\BOOKMARK [0][-]{chapter.1}{Literature Review }{}% 1
\BOOKMARK [1][-]{section.1.1}{ Parse Tree}{chapter.1}% 2
\BOOKMARK [1][-]{section.1.2}{ Named Entity Recognation and Classification \(NERC\)}{chapter.1}% 3
\BOOKMARK [1][-]{section.1.3}{Hidden Markov Model \(HMM\)}{chapter.1}% 4
\BOOKMARK [1][-]{section.1.4}{Supporting Vector Machine \(SVM\) based model}{chapter.1}% 5
\BOOKMARK [1][-]{section.1.5}{Extraction before Machine learning}{chapter.1}% 6
\BOOKMARK [1][-]{section.1.6}{Text classification and Naive Bayes}{chapter.1}% 7
\BOOKMARK [1][-]{section.1.7}{Machine learning for Named Entities}{chapter.1}% 8
\BOOKMARK [0][-]{chapter.2}{Research Methodology}{}% 9
\BOOKMARK [1][-]{section.2.1}{Data and tools}{chapter.2}% 10
\BOOKMARK [1][-]{section.2.2}{Supervised vs Unsupervised Machine Learning}{chapter.2}% 11
\BOOKMARK [1][-]{section.2.3}{NLP Corpus Preprocessing }{chapter.2}% 12
\BOOKMARK [1][-]{section.2.4}{Modules and packages}{chapter.2}% 13
\BOOKMARK [1][-]{section.2.5}{Extraction of Entities }{chapter.2}% 14
\BOOKMARK [1][-]{section.2.6}{Top Section Dataset }{chapter.2}% 15
\BOOKMARK [1][-]{section.2.7}{Stanford Named Entities Recognition}{chapter.2}% 16
\BOOKMARK [1][-]{section.2.8}{Natural Language ToolKit \(NLTK\)}{chapter.2}% 17
\BOOKMARK [1][-]{section.2.9}{Polyglot Named classifier}{chapter.2}% 18
\BOOKMARK [0][-]{chapter.3}{Results Discussion and Testing}{}% 19
\BOOKMARK [1][-]{section.3.1}{General Overview}{chapter.3}% 20
\BOOKMARK [1][-]{section.3.2}{Case Study Results}{chapter.3}% 21
\BOOKMARK [1][-]{section.3.3}{Testing}{chapter.3}% 22
\BOOKMARK [0][-]{chapter.4}{Conclusion and Future work}{}% 23
\BOOKMARK [0][-]{chapter*.18}{References}{}% 24
